[0.134s] DEBUG:colcon:Command line arguments: ['/usr/bin/colcon', 'build']
[0.134s] DEBUG:colcon:Parsed command line arguments: Namespace(log_base=None, log_level=None, verb_name='build', build_base='build', install_base='install', merge_install=False, symlink_install=False, test_result_base=None, continue_on_error=False, executor='parallel', parallel_workers=16, event_handlers=None, ignore_user_meta=False, metas=['./colcon.meta'], base_paths=['.'], packages_ignore=None, packages_ignore_regex=None, paths=None, packages_up_to=None, packages_up_to_regex=None, packages_above=None, packages_above_and_dependencies=None, packages_above_depth=None, packages_select_by_dep=None, packages_skip_by_dep=None, packages_skip_up_to=None, packages_select_build_failed=False, packages_skip_build_finished=False, packages_select_test_failures=False, packages_skip_test_passed=False, packages_select=None, packages_skip=None, packages_select_regex=None, packages_skip_regex=None, packages_start=None, packages_end=None, allow_overriding=[], cmake_args=None, cmake_target=None, cmake_target_skip_unavailable=False, cmake_clean_cache=False, cmake_clean_first=False, cmake_force_configure=False, ament_cmake_args=None, catkin_cmake_args=None, catkin_skip_building_tests=False, verb_parser=<colcon_defaults.argument_parser.defaults.DefaultArgumentsDecorator object at 0x7221c744c4c0>, verb_extension=<colcon_core.verb.build.BuildVerb object at 0x7221c7417f40>, main=<bound method BuildVerb.main of <colcon_core.verb.build.BuildVerb object at 0x7221c7417f40>>)
[0.339s] Level 1:colcon.colcon_core.package_discovery:discover_packages(colcon_meta) check parameters
[0.339s] Level 1:colcon.colcon_core.package_discovery:discover_packages(recursive) check parameters
[0.339s] Level 1:colcon.colcon_core.package_discovery:discover_packages(ignore) check parameters
[0.339s] Level 1:colcon.colcon_core.package_discovery:discover_packages(path) check parameters
[0.339s] Level 1:colcon.colcon_core.package_discovery:discover_packages(colcon_meta) discover
[0.339s] Level 1:colcon.colcon_core.package_discovery:discover_packages(recursive) discover
[0.339s] INFO:colcon.colcon_core.package_discovery:Crawling recursively for packages in '/home/divspan/tutorial_ros_cpp'
[0.339s] Level 1:colcon.colcon_core.package_identification:_identify(.) by extensions ['ignore', 'ignore_ament_install']
[0.340s] Level 1:colcon.colcon_core.package_identification:_identify(.) by extension 'ignore'
[0.340s] Level 1:colcon.colcon_core.package_identification:_identify(.) by extension 'ignore_ament_install'
[0.340s] Level 1:colcon.colcon_core.package_identification:_identify(.) by extensions ['colcon_pkg']
[0.340s] Level 1:colcon.colcon_core.package_identification:_identify(.) by extension 'colcon_pkg'
[0.340s] Level 1:colcon.colcon_core.package_identification:_identify(.) by extensions ['colcon_meta']
[0.340s] Level 1:colcon.colcon_core.package_identification:_identify(.) by extension 'colcon_meta'
[0.340s] Level 1:colcon.colcon_core.package_identification:_identify(.) by extensions ['ros']
[0.340s] Level 1:colcon.colcon_core.package_identification:_identify(.) by extension 'ros'
[0.352s] Level 1:colcon.colcon_core.package_identification:_identify(.) by extensions ['cmake', 'python']
[0.352s] Level 1:colcon.colcon_core.package_identification:_identify(.) by extension 'cmake'
[0.352s] Level 1:colcon.colcon_core.package_identification:_identify(.) by extension 'python'
[0.352s] Level 1:colcon.colcon_core.package_identification:_identify(.) by extensions ['python_setup_py']
[0.352s] Level 1:colcon.colcon_core.package_identification:_identify(.) by extension 'python_setup_py'
[0.352s] Level 1:colcon.colcon_core.package_identification:_identify(build) by extensions ['ignore', 'ignore_ament_install']
[0.352s] Level 1:colcon.colcon_core.package_identification:_identify(build) by extension 'ignore'
[0.352s] Level 1:colcon.colcon_core.package_identification:_identify(build) ignored
[0.353s] Level 1:colcon.colcon_core.package_identification:_identify(install) by extensions ['ignore', 'ignore_ament_install']
[0.353s] Level 1:colcon.colcon_core.package_identification:_identify(install) by extension 'ignore'
[0.353s] Level 1:colcon.colcon_core.package_identification:_identify(install) ignored
[0.353s] Level 1:colcon.colcon_core.package_identification:_identify(log) by extensions ['ignore', 'ignore_ament_install']
[0.353s] Level 1:colcon.colcon_core.package_identification:_identify(log) by extension 'ignore'
[0.353s] Level 1:colcon.colcon_core.package_identification:_identify(log) ignored
[0.353s] Level 1:colcon.colcon_core.package_identification:_identify(src) by extensions ['ignore', 'ignore_ament_install']
[0.353s] Level 1:colcon.colcon_core.package_identification:_identify(src) by extension 'ignore'
[0.353s] Level 1:colcon.colcon_core.package_identification:_identify(src) by extension 'ignore_ament_install'
[0.353s] Level 1:colcon.colcon_core.package_identification:_identify(src) by extensions ['colcon_pkg']
[0.353s] Level 1:colcon.colcon_core.package_identification:_identify(src) by extension 'colcon_pkg'
[0.353s] Level 1:colcon.colcon_core.package_identification:_identify(src) by extensions ['colcon_meta']
[0.354s] Level 1:colcon.colcon_core.package_identification:_identify(src) by extension 'colcon_meta'
[0.354s] Level 1:colcon.colcon_core.package_identification:_identify(src) by extensions ['ros']
[0.354s] Level 1:colcon.colcon_core.package_identification:_identify(src) by extension 'ros'
[0.354s] Level 1:colcon.colcon_core.package_identification:_identify(src) by extensions ['cmake', 'python']
[0.354s] Level 1:colcon.colcon_core.package_identification:_identify(src) by extension 'cmake'
[0.354s] Level 1:colcon.colcon_core.package_identification:_identify(src) by extension 'python'
[0.354s] Level 1:colcon.colcon_core.package_identification:_identify(src) by extensions ['python_setup_py']
[0.354s] Level 1:colcon.colcon_core.package_identification:_identify(src) by extension 'python_setup_py'
[0.354s] Level 1:colcon.colcon_core.package_identification:_identify(src/build) by extensions ['ignore', 'ignore_ament_install']
[0.354s] Level 1:colcon.colcon_core.package_identification:_identify(src/build) by extension 'ignore'
[0.354s] Level 1:colcon.colcon_core.package_identification:_identify(src/build) ignored
[0.354s] Level 1:colcon.colcon_core.package_identification:_identify(src/cpp_pubsub) by extensions ['ignore', 'ignore_ament_install']
[0.355s] Level 1:colcon.colcon_core.package_identification:_identify(src/cpp_pubsub) by extension 'ignore'
[0.355s] Level 1:colcon.colcon_core.package_identification:_identify(src/cpp_pubsub) by extension 'ignore_ament_install'
[0.355s] Level 1:colcon.colcon_core.package_identification:_identify(src/cpp_pubsub) by extensions ['colcon_pkg']
[0.355s] Level 1:colcon.colcon_core.package_identification:_identify(src/cpp_pubsub) by extension 'colcon_pkg'
[0.355s] Level 1:colcon.colcon_core.package_identification:_identify(src/cpp_pubsub) by extensions ['colcon_meta']
[0.355s] Level 1:colcon.colcon_core.package_identification:_identify(src/cpp_pubsub) by extension 'colcon_meta'
[0.355s] Level 1:colcon.colcon_core.package_identification:_identify(src/cpp_pubsub) by extensions ['ros']
[0.355s] Level 1:colcon.colcon_core.package_identification:_identify(src/cpp_pubsub) by extension 'ros'
[0.358s] DEBUG:colcon.colcon_core.package_identification:Package 'src/cpp_pubsub' with type 'ros.ament_cmake' and name 'cpp_pubsub'
[0.358s] Level 1:colcon.colcon_core.package_identification:_identify(src/install) by extensions ['ignore', 'ignore_ament_install']
[0.359s] Level 1:colcon.colcon_core.package_identification:_identify(src/install) by extension 'ignore'
[0.359s] Level 1:colcon.colcon_core.package_identification:_identify(src/install) ignored
[0.359s] Level 1:colcon.colcon_core.package_identification:_identify(src/log) by extensions ['ignore', 'ignore_ament_install']
[0.359s] Level 1:colcon.colcon_core.package_identification:_identify(src/log) by extension 'ignore'
[0.359s] Level 1:colcon.colcon_core.package_identification:_identify(src/log) ignored
[0.359s] Level 1:colcon.colcon_core.package_discovery:discover_packages(recursive) using defaults
[0.359s] Level 1:colcon.colcon_core.package_discovery:discover_packages(ignore) discover
[0.359s] Level 1:colcon.colcon_core.package_discovery:discover_packages(ignore) using defaults
[0.359s] Level 1:colcon.colcon_core.package_discovery:discover_packages(path) discover
[0.359s] Level 1:colcon.colcon_core.package_discovery:discover_packages(path) using defaults
[0.383s] Level 1:colcon.colcon_core.package_discovery:discover_packages(prefix_path) check parameters
[0.384s] Level 1:colcon.colcon_core.package_discovery:discover_packages(prefix_path) discover
[0.387s] DEBUG:colcon.colcon_installed_package_information.package_discovery:Found 1 installed packages in /home/divspan/tutorial_ros_cpp/install
[0.387s] DEBUG:colcon.colcon_installed_package_information.package_discovery:Found 1 installed packages in /home/divspan/ros2_ws/install
[0.387s] DEBUG:colcon.colcon_installed_package_information.package_discovery:Found 1 installed packages in /home/divspan/tutorial_ros_cpp/src/install
[0.389s] DEBUG:colcon.colcon_installed_package_information.package_discovery:Found 270 installed packages in /opt/ros/humble
[0.390s] Level 1:colcon.colcon_core.package_discovery:discover_packages(prefix_path) using defaults
[0.445s] Level 5:colcon.colcon_core.verb:set package 'cpp_pubsub' build argument 'cmake_args' from command line to 'None'
[0.445s] Level 5:colcon.colcon_core.verb:set package 'cpp_pubsub' build argument 'cmake_target' from command line to 'None'
[0.445s] Level 5:colcon.colcon_core.verb:set package 'cpp_pubsub' build argument 'cmake_target_skip_unavailable' from command line to 'False'
[0.445s] Level 5:colcon.colcon_core.verb:set package 'cpp_pubsub' build argument 'cmake_clean_cache' from command line to 'False'
[0.445s] Level 5:colcon.colcon_core.verb:set package 'cpp_pubsub' build argument 'cmake_clean_first' from command line to 'False'
[0.445s] Level 5:colcon.colcon_core.verb:set package 'cpp_pubsub' build argument 'cmake_force_configure' from command line to 'False'
[0.445s] Level 5:colcon.colcon_core.verb:set package 'cpp_pubsub' build argument 'ament_cmake_args' from command line to 'None'
[0.445s] Level 5:colcon.colcon_core.verb:set package 'cpp_pubsub' build argument 'catkin_cmake_args' from command line to 'None'
[0.445s] Level 5:colcon.colcon_core.verb:set package 'cpp_pubsub' build argument 'catkin_skip_building_tests' from command line to 'False'
[0.445s] DEBUG:colcon.colcon_core.verb:Building package 'cpp_pubsub' with the following arguments: {'ament_cmake_args': None, 'build_base': '/home/divspan/tutorial_ros_cpp/build/cpp_pubsub', 'catkin_cmake_args': None, 'catkin_skip_building_tests': False, 'cmake_args': None, 'cmake_clean_cache': False, 'cmake_clean_first': False, 'cmake_force_configure': False, 'cmake_target': None, 'cmake_target_skip_unavailable': False, 'install_base': '/home/divspan/tutorial_ros_cpp/install/cpp_pubsub', 'merge_install': False, 'path': '/home/divspan/tutorial_ros_cpp/src/cpp_pubsub', 'symlink_install': False, 'test_result_base': None}
[0.446s] INFO:colcon.colcon_core.executor:Executing jobs using 'parallel' executor
[0.448s] DEBUG:colcon.colcon_parallel_executor.executor.parallel:run_until_complete
[0.448s] INFO:colcon.colcon_ros.task.ament_cmake.build:Building ROS package in '/home/divspan/tutorial_ros_cpp/src/cpp_pubsub' with build type 'ament_cmake'
[0.448s] INFO:colcon.colcon_cmake.task.cmake.build:Building CMake package in '/home/divspan/tutorial_ros_cpp/src/cpp_pubsub'
[0.453s] INFO:colcon.colcon_core.plugin_system:Skipping extension 'colcon_core.shell.bat': Not used on non-Windows systems
[0.453s] INFO:colcon.colcon_core.shell:Skip shell extension 'powershell' for command environment: Not usable outside of PowerShell
[0.453s] DEBUG:colcon.colcon_core.shell:Skip shell extension 'dsv' for command environment
[0.465s] DEBUG:colcon.colcon_core.event_handler.log_command:Invoking command in '/home/divspan/tutorial_ros_cpp/build/cpp_pubsub': CMAKE_PREFIX_PATH=${CMAKE_PREFIX_PATH}:/home/divspan/ros2_ws/install/my_robot_controller:/opt/ros/humble /usr/bin/cmake /home/divspan/tutorial_ros_cpp/src/cpp_pubsub -DCMAKE_INSTALL_PREFIX=/home/divspan/tutorial_ros_cpp/install/cpp_pubsub
[1.289s] DEBUG:colcon.colcon_core.event_handler.log_command:Invoked command in '/home/divspan/tutorial_ros_cpp/build/cpp_pubsub' returned '0': CMAKE_PREFIX_PATH=${CMAKE_PREFIX_PATH}:/home/divspan/ros2_ws/install/my_robot_controller:/opt/ros/humble /usr/bin/cmake /home/divspan/tutorial_ros_cpp/src/cpp_pubsub -DCMAKE_INSTALL_PREFIX=/home/divspan/tutorial_ros_cpp/install/cpp_pubsub
[1.291s] DEBUG:colcon.colcon_core.event_handler.log_command:Invoking command in '/home/divspan/tutorial_ros_cpp/build/cpp_pubsub': CMAKE_PREFIX_PATH=${CMAKE_PREFIX_PATH}:/home/divspan/ros2_ws/install/my_robot_controller:/opt/ros/humble /usr/bin/cmake --build /home/divspan/tutorial_ros_cpp/build/cpp_pubsub -- -j16 -l16
[6.534s] DEBUG:colcon.colcon_core.event_handler.log_command:Invoked command in '/home/divspan/tutorial_ros_cpp/build/cpp_pubsub' returned '0': CMAKE_PREFIX_PATH=${CMAKE_PREFIX_PATH}:/home/divspan/ros2_ws/install/my_robot_controller:/opt/ros/humble /usr/bin/cmake --build /home/divspan/tutorial_ros_cpp/build/cpp_pubsub -- -j16 -l16
[6.597s] DEBUG:colcon.colcon_core.event_handler.log_command:Invoking command in '/home/divspan/tutorial_ros_cpp/build/cpp_pubsub': CMAKE_PREFIX_PATH=${CMAKE_PREFIX_PATH}:/home/divspan/ros2_ws/install/my_robot_controller:/opt/ros/humble /usr/bin/cmake --install /home/divspan/tutorial_ros_cpp/build/cpp_pubsub
[6.635s] Level 1:colcon.colcon_core.environment:create_environment_scripts_only(cpp_pubsub)
[6.637s] DEBUG:colcon.colcon_core.event_handler.log_command:Invoked command in '/home/divspan/tutorial_ros_cpp/build/cpp_pubsub' returned '0': CMAKE_PREFIX_PATH=${CMAKE_PREFIX_PATH}:/home/divspan/ros2_ws/install/my_robot_controller:/opt/ros/humble /usr/bin/cmake --install /home/divspan/tutorial_ros_cpp/build/cpp_pubsub
[6.646s] Level 1:colcon.colcon_core.environment:checking '/home/divspan/tutorial_ros_cpp/install/cpp_pubsub' for CMake module files
[6.647s] Level 1:colcon.colcon_core.environment:checking '/home/divspan/tutorial_ros_cpp/install/cpp_pubsub' for CMake config files
[6.647s] Level 1:colcon.colcon_core.shell:create_environment_hook('cpp_pubsub', 'cmake_prefix_path')
[6.647s] INFO:colcon.colcon_core.shell:Creating environment hook '/home/divspan/tutorial_ros_cpp/install/cpp_pubsub/share/cpp_pubsub/hook/cmake_prefix_path.ps1'
[6.649s] INFO:colcon.colcon_core.shell:Creating environment descriptor '/home/divspan/tutorial_ros_cpp/install/cpp_pubsub/share/cpp_pubsub/hook/cmake_prefix_path.dsv'
[6.650s] INFO:colcon.colcon_core.shell:Creating environment hook '/home/divspan/tutorial_ros_cpp/install/cpp_pubsub/share/cpp_pubsub/hook/cmake_prefix_path.sh'
[6.652s] Level 1:colcon.colcon_core.environment:checking '/home/divspan/tutorial_ros_cpp/install/cpp_pubsub/lib'
[6.652s] Level 1:colcon.colcon_core.environment:checking '/home/divspan/tutorial_ros_cpp/install/cpp_pubsub/bin'
[6.652s] Level 1:colcon.colcon_core.environment:checking '/home/divspan/tutorial_ros_cpp/install/cpp_pubsub/lib/pkgconfig/cpp_pubsub.pc'
[6.653s] Level 1:colcon.colcon_core.environment:checking '/home/divspan/tutorial_ros_cpp/install/cpp_pubsub/lib/python3.10/site-packages'
[6.653s] Level 1:colcon.colcon_core.environment:checking '/home/divspan/tutorial_ros_cpp/install/cpp_pubsub/bin'
[6.653s] INFO:colcon.colcon_core.shell:Creating package script '/home/divspan/tutorial_ros_cpp/install/cpp_pubsub/share/cpp_pubsub/package.ps1'
[6.655s] INFO:colcon.colcon_core.shell:Creating package descriptor '/home/divspan/tutorial_ros_cpp/install/cpp_pubsub/share/cpp_pubsub/package.dsv'
[6.656s] INFO:colcon.colcon_core.shell:Creating package script '/home/divspan/tutorial_ros_cpp/install/cpp_pubsub/share/cpp_pubsub/package.sh'
[6.657s] INFO:colcon.colcon_core.shell:Creating package script '/home/divspan/tutorial_ros_cpp/install/cpp_pubsub/share/cpp_pubsub/package.bash'
[6.659s] INFO:colcon.colcon_core.shell:Creating package script '/home/divspan/tutorial_ros_cpp/install/cpp_pubsub/share/cpp_pubsub/package.zsh'
[6.661s] Level 1:colcon.colcon_core.environment:create_file_with_runtime_dependencies(/home/divspan/tutorial_ros_cpp/install/cpp_pubsub/share/colcon-core/packages/cpp_pubsub)
[6.718s] Level 1:colcon.colcon_core.environment:create_environment_scripts_only(cpp_pubsub)
[6.718s] Level 1:colcon.colcon_core.environment:checking '/home/divspan/tutorial_ros_cpp/install/cpp_pubsub' for CMake module files
[6.719s] Level 1:colcon.colcon_core.environment:checking '/home/divspan/tutorial_ros_cpp/install/cpp_pubsub' for CMake config files
[6.719s] Level 1:colcon.colcon_core.shell:create_environment_hook('cpp_pubsub', 'cmake_prefix_path')
[6.719s] INFO:colcon.colcon_core.shell:Creating environment hook '/home/divspan/tutorial_ros_cpp/install/cpp_pubsub/share/cpp_pubsub/hook/cmake_prefix_path.ps1'
[6.720s] INFO:colcon.colcon_core.shell:Creating environment descriptor '/home/divspan/tutorial_ros_cpp/install/cpp_pubsub/share/cpp_pubsub/hook/cmake_prefix_path.dsv'
[6.721s] INFO:colcon.colcon_core.shell:Creating environment hook '/home/divspan/tutorial_ros_cpp/install/cpp_pubsub/share/cpp_pubsub/hook/cmake_prefix_path.sh'
[6.722s] Level 1:colcon.colcon_core.environment:checking '/home/divspan/tutorial_ros_cpp/install/cpp_pubsub/lib'
[6.722s] Level 1:colcon.colcon_core.environment:checking '/home/divspan/tutorial_ros_cpp/install/cpp_pubsub/bin'
[6.722s] Level 1:colcon.colcon_core.environment:checking '/home/divspan/tutorial_ros_cpp/install/cpp_pubsub/lib/pkgconfig/cpp_pubsub.pc'
[6.722s] Level 1:colcon.colcon_core.environment:checking '/home/divspan/tutorial_ros_cpp/install/cpp_pubsub/lib/python3.10/site-packages'
[6.723s] Level 1:colcon.colcon_core.environment:checking '/home/divspan/tutorial_ros_cpp/install/cpp_pubsub/bin'
[6.723s] INFO:colcon.colcon_core.shell:Creating package script '/home/divspan/tutorial_ros_cpp/install/cpp_pubsub/share/cpp_pubsub/package.ps1'
[6.724s] INFO:colcon.colcon_core.shell:Creating package descriptor '/home/divspan/tutorial_ros_cpp/install/cpp_pubsub/share/cpp_pubsub/package.dsv'
[6.725s] INFO:colcon.colcon_core.shell:Creating package script '/home/divspan/tutorial_ros_cpp/install/cpp_pubsub/share/cpp_pubsub/package.sh'
[6.726s] INFO:colcon.colcon_core.shell:Creating package script '/home/divspan/tutorial_ros_cpp/install/cpp_pubsub/share/cpp_pubsub/package.bash'
[6.726s] INFO:colcon.colcon_core.shell:Creating package script '/home/divspan/tutorial_ros_cpp/install/cpp_pubsub/share/cpp_pubsub/package.zsh'
[6.726s] Level 1:colcon.colcon_core.environment:create_file_with_runtime_dependencies(/home/divspan/tutorial_ros_cpp/install/cpp_pubsub/share/colcon-core/packages/cpp_pubsub)
[6.727s] DEBUG:colcon.colcon_parallel_executor.executor.parallel:closing loop
[6.728s] DEBUG:colcon.colcon_parallel_executor.executor.parallel:loop closed
[6.729s] DEBUG:colcon.colcon_parallel_executor.executor.parallel:run_until_complete finished with '0'
[6.729s] DEBUG:colcon.colcon_core.event_reactor:joining thread
[6.745s] INFO:colcon.colcon_core.plugin_system:Skipping extension 'colcon_notification.desktop_notification.terminal_notifier': Not used on non-Darwin systems
[6.745s] INFO:colcon.colcon_core.plugin_system:Skipping extension 'colcon_notification.desktop_notification.win32': Not used on non-Windows systems
[6.745s] INFO:colcon.colcon_notification.desktop_notification:Sending desktop notification using 'notify2'
[6.771s] DEBUG:colcon.colcon_core.event_reactor:joined thread
[6.771s] INFO:colcon.colcon_core.shell:Creating prefix script '/home/divspan/tutorial_ros_cpp/install/local_setup.ps1'
[6.773s] INFO:colcon.colcon_core.shell:Creating prefix util module '/home/divspan/tutorial_ros_cpp/install/_local_setup_util_ps1.py'
[6.775s] INFO:colcon.colcon_core.shell:Creating prefix chain script '/home/divspan/tutorial_ros_cpp/install/setup.ps1'
[6.778s] INFO:colcon.colcon_core.shell:Creating prefix script '/home/divspan/tutorial_ros_cpp/install/local_setup.sh'
[6.778s] INFO:colcon.colcon_core.shell:Creating prefix util module '/home/divspan/tutorial_ros_cpp/install/_local_setup_util_sh.py'
[6.779s] INFO:colcon.colcon_core.shell:Creating prefix chain script '/home/divspan/tutorial_ros_cpp/install/setup.sh'
[6.781s] INFO:colcon.colcon_core.shell:Creating prefix script '/home/divspan/tutorial_ros_cpp/install/local_setup.bash'
[6.781s] INFO:colcon.colcon_core.shell:Creating prefix chain script '/home/divspan/tutorial_ros_cpp/install/setup.bash'
[6.783s] INFO:colcon.colcon_core.shell:Creating prefix script '/home/divspan/tutorial_ros_cpp/install/local_setup.zsh'
[6.784s] INFO:colcon.colcon_core.shell:Creating prefix chain script '/home/divspan/tutorial_ros_cpp/install/setup.zsh'
