[0.114s] DEBUG:colcon:Command line arguments: ['/usr/bin/colcon', 'list', '-p', '--base-paths', '/home/divspan/tutorial_ros_cpp']
[0.114s] DEBUG:colcon:Parsed command line arguments: Namespace(log_base=None, log_level=None, verb_name='list', build_base='build', ignore_user_meta=False, metas=['./colcon.meta'], base_paths=['/home/divspan/tutorial_ros_cpp'], packages_ignore=None, packages_ignore_regex=None, paths=None, packages_up_to=None, packages_up_to_regex=None, packages_above=None, packages_above_and_dependencies=None, packages_above_depth=None, packages_select_by_dep=None, packages_skip_by_dep=None, packages_skip_up_to=None, packages_select_build_failed=False, packages_skip_build_finished=False, packages_select_test_failures=False, packages_skip_test_passed=False, packages_select=None, packages_skip=None, packages_select_regex=None, packages_skip_regex=None, packages_start=None, packages_end=None, allow_overriding=[], topological_order=False, names_only=False, paths_only=True, topological_graph=False, topological_graph_dot=False, topological_graph_density=False, topological_graph_legend=False, topological_graph_dot_cluster=False, topological_graph_dot_include_skipped=False, verb_parser=<colcon_defaults.argument_parser.defaults.DefaultArgumentsDecorator object at 0x774b2863d690>, verb_extension=<colcon_package_information.verb.list.ListVerb object at 0x774b2863c7f0>, main=<bound method ListVerb.main of <colcon_package_information.verb.list.ListVerb object at 0x774b2863c7f0>>)
[0.336s] Level 1:colcon.colcon_core.package_discovery:discover_packages(colcon_meta) check parameters
[0.336s] Level 1:colcon.colcon_core.package_discovery:discover_packages(recursive) check parameters
[0.336s] Level 1:colcon.colcon_core.package_discovery:discover_packages(ignore) check parameters
[0.336s] Level 1:colcon.colcon_core.package_discovery:discover_packages(path) check parameters
[0.336s] Level 1:colcon.colcon_core.package_discovery:discover_packages(recursive) discover
[0.336s] INFO:colcon.colcon_core.package_discovery:Crawling recursively for packages in '/home/divspan/tutorial_ros_cpp'
[0.337s] Level 1:colcon.colcon_core.package_identification:_identify(/home/divspan/tutorial_ros_cpp) by extensions ['ignore', 'ignore_ament_install']
[0.337s] Level 1:colcon.colcon_core.package_identification:_identify(/home/divspan/tutorial_ros_cpp) by extension 'ignore'
[0.337s] Level 1:colcon.colcon_core.package_identification:_identify(/home/divspan/tutorial_ros_cpp) by extension 'ignore_ament_install'
[0.337s] Level 1:colcon.colcon_core.package_identification:_identify(/home/divspan/tutorial_ros_cpp) by extensions ['colcon_pkg']
[0.337s] Level 1:colcon.colcon_core.package_identification:_identify(/home/divspan/tutorial_ros_cpp) by extension 'colcon_pkg'
[0.337s] Level 1:colcon.colcon_core.package_identification:_identify(/home/divspan/tutorial_ros_cpp) by extensions ['colcon_meta']
[0.337s] Level 1:colcon.colcon_core.package_identification:_identify(/home/divspan/tutorial_ros_cpp) by extension 'colcon_meta'
[0.337s] Level 1:colcon.colcon_core.package_identification:_identify(/home/divspan/tutorial_ros_cpp) by extensions ['ros']
[0.337s] Level 1:colcon.colcon_core.package_identification:_identify(/home/divspan/tutorial_ros_cpp) by extension 'ros'
[0.359s] Level 1:colcon.colcon_core.package_identification:_identify(/home/divspan/tutorial_ros_cpp) by extensions ['cmake', 'python']
[0.359s] Level 1:colcon.colcon_core.package_identification:_identify(/home/divspan/tutorial_ros_cpp) by extension 'cmake'
[0.359s] Level 1:colcon.colcon_core.package_identification:_identify(/home/divspan/tutorial_ros_cpp) by extension 'python'
[0.359s] Level 1:colcon.colcon_core.package_identification:_identify(/home/divspan/tutorial_ros_cpp) by extensions ['python_setup_py']
[0.359s] Level 1:colcon.colcon_core.package_identification:_identify(/home/divspan/tutorial_ros_cpp) by extension 'python_setup_py'
[0.360s] Level 1:colcon.colcon_core.package_identification:_identify(/home/divspan/tutorial_ros_cpp/build) by extensions ['ignore', 'ignore_ament_install']
[0.360s] Level 1:colcon.colcon_core.package_identification:_identify(/home/divspan/tutorial_ros_cpp/build) by extension 'ignore'
[0.360s] Level 1:colcon.colcon_core.package_identification:_identify(/home/divspan/tutorial_ros_cpp/build) ignored
[0.360s] Level 1:colcon.colcon_core.package_identification:_identify(/home/divspan/tutorial_ros_cpp/install) by extensions ['ignore', 'ignore_ament_install']
[0.360s] Level 1:colcon.colcon_core.package_identification:_identify(/home/divspan/tutorial_ros_cpp/install) by extension 'ignore'
[0.360s] Level 1:colcon.colcon_core.package_identification:_identify(/home/divspan/tutorial_ros_cpp/install) ignored
[0.361s] Level 1:colcon.colcon_core.package_identification:_identify(/home/divspan/tutorial_ros_cpp/log) by extensions ['ignore', 'ignore_ament_install']
[0.361s] Level 1:colcon.colcon_core.package_identification:_identify(/home/divspan/tutorial_ros_cpp/log) by extension 'ignore'
[0.361s] Level 1:colcon.colcon_core.package_identification:_identify(/home/divspan/tutorial_ros_cpp/log) ignored
[0.361s] Level 1:colcon.colcon_core.package_identification:_identify(/home/divspan/tutorial_ros_cpp/src) by extensions ['ignore', 'ignore_ament_install']
[0.361s] Level 1:colcon.colcon_core.package_identification:_identify(/home/divspan/tutorial_ros_cpp/src) by extension 'ignore'
[0.361s] Level 1:colcon.colcon_core.package_identification:_identify(/home/divspan/tutorial_ros_cpp/src) by extension 'ignore_ament_install'
[0.361s] Level 1:colcon.colcon_core.package_identification:_identify(/home/divspan/tutorial_ros_cpp/src) by extensions ['colcon_pkg']
[0.361s] Level 1:colcon.colcon_core.package_identification:_identify(/home/divspan/tutorial_ros_cpp/src) by extension 'colcon_pkg'
[0.361s] Level 1:colcon.colcon_core.package_identification:_identify(/home/divspan/tutorial_ros_cpp/src) by extensions ['colcon_meta']
[0.361s] Level 1:colcon.colcon_core.package_identification:_identify(/home/divspan/tutorial_ros_cpp/src) by extension 'colcon_meta'
[0.361s] Level 1:colcon.colcon_core.package_identification:_identify(/home/divspan/tutorial_ros_cpp/src) by extensions ['ros']
[0.361s] Level 1:colcon.colcon_core.package_identification:_identify(/home/divspan/tutorial_ros_cpp/src) by extension 'ros'
[0.362s] Level 1:colcon.colcon_core.package_identification:_identify(/home/divspan/tutorial_ros_cpp/src) by extensions ['cmake', 'python']
[0.362s] Level 1:colcon.colcon_core.package_identification:_identify(/home/divspan/tutorial_ros_cpp/src) by extension 'cmake'
[0.362s] Level 1:colcon.colcon_core.package_identification:_identify(/home/divspan/tutorial_ros_cpp/src) by extension 'python'
[0.362s] Level 1:colcon.colcon_core.package_identification:_identify(/home/divspan/tutorial_ros_cpp/src) by extensions ['python_setup_py']
[0.362s] Level 1:colcon.colcon_core.package_identification:_identify(/home/divspan/tutorial_ros_cpp/src) by extension 'python_setup_py'
[0.362s] Level 1:colcon.colcon_core.package_identification:_identify(/home/divspan/tutorial_ros_cpp/src/cpp_pubsub) by extensions ['ignore', 'ignore_ament_install']
[0.362s] Level 1:colcon.colcon_core.package_identification:_identify(/home/divspan/tutorial_ros_cpp/src/cpp_pubsub) by extension 'ignore'
[0.362s] Level 1:colcon.colcon_core.package_identification:_identify(/home/divspan/tutorial_ros_cpp/src/cpp_pubsub) by extension 'ignore_ament_install'
[0.362s] Level 1:colcon.colcon_core.package_identification:_identify(/home/divspan/tutorial_ros_cpp/src/cpp_pubsub) by extensions ['colcon_pkg']
[0.362s] Level 1:colcon.colcon_core.package_identification:_identify(/home/divspan/tutorial_ros_cpp/src/cpp_pubsub) by extension 'colcon_pkg'
[0.362s] Level 1:colcon.colcon_core.package_identification:_identify(/home/divspan/tutorial_ros_cpp/src/cpp_pubsub) by extensions ['colcon_meta']
[0.362s] Level 1:colcon.colcon_core.package_identification:_identify(/home/divspan/tutorial_ros_cpp/src/cpp_pubsub) by extension 'colcon_meta'
[0.363s] Level 1:colcon.colcon_core.package_identification:_identify(/home/divspan/tutorial_ros_cpp/src/cpp_pubsub) by extensions ['ros']
[0.363s] Level 1:colcon.colcon_core.package_identification:_identify(/home/divspan/tutorial_ros_cpp/src/cpp_pubsub) by extension 'ros'
[0.368s] DEBUG:colcon.colcon_core.package_identification:Package '/home/divspan/tutorial_ros_cpp/src/cpp_pubsub' with type 'ros.ament_cmake' and name 'cpp_pubsub'
[0.368s] Level 1:colcon.colcon_core.package_discovery:discover_packages(recursive) using defaults
