[0.018s] Invoking command in '/home/divspan/tutorial_ros_cpp/build/cpp_pubsub': CMAKE_PREFIX_PATH=${CMAKE_PREFIX_PATH}:/home/divspan/ros2_ws/install/my_robot_controller:/opt/ros/humble /usr/bin/cmake --build /home/divspan/tutorial_ros_cpp/build/cpp_pubsub -- -j16 -l16
[0.100s] [35m[1mConsolidate compiler generated dependencies of target pose_subscriber[0m
[0.118s] [ 80%] Built target talker
[0.118s] [ 80%] Built target draw_circle
[0.118s] [ 80%] Built target sender
[0.118s] [ 80%] Built target listener
[0.127s] [ 90%] [32mBuilding CXX object CMakeFiles/pose_subscriber.dir/src/pose_sub.cpp.o[0m
[7.479s] [100%] [32m[1mLinking CXX executable pose_subscriber[0m
[8.074s] [100%] Built target pose_subscriber
[8.088s] Invoked command in '/home/divspan/tutorial_ros_cpp/build/cpp_pubsub' returned '0': CMAKE_PREFIX_PATH=${CMAKE_PREFIX_PATH}:/home/divspan/ros2_ws/install/my_robot_controller:/opt/ros/humble /usr/bin/cmake --build /home/divspan/tutorial_ros_cpp/build/cpp_pubsub -- -j16 -l16
[8.141s] Invoking command in '/home/divspan/tutorial_ros_cpp/build/cpp_pubsub': CMAKE_PREFIX_PATH=${CMAKE_PREFIX_PATH}:/home/divspan/ros2_ws/install/my_robot_controller:/opt/ros/humble /usr/bin/cmake --install /home/divspan/tutorial_ros_cpp/build/cpp_pubsub
[8.150s] -- Install configuration: ""
[8.150s] -- Execute custom install script
[8.151s] -- Up-to-date symlink: /home/divspan/tutorial_ros_cpp/install/cpp_pubsub/lib/cpp_pubsub/talker
[8.152s] -- Up-to-date symlink: /home/divspan/tutorial_ros_cpp/install/cpp_pubsub/lib/cpp_pubsub/listener
[8.152s] -- Up-to-date symlink: /home/divspan/tutorial_ros_cpp/install/cpp_pubsub/lib/cpp_pubsub/sender
[8.152s] -- Up-to-date symlink: /home/divspan/tutorial_ros_cpp/install/cpp_pubsub/lib/cpp_pubsub/pose_subscriber
[8.152s] -- Up-to-date symlink: /home/divspan/tutorial_ros_cpp/install/cpp_pubsub/lib/cpp_pubsub/draw_circle
[8.153s] -- Up-to-date symlink: /home/divspan/tutorial_ros_cpp/install/cpp_pubsub/share/ament_index/resource_index/package_run_dependencies/cpp_pubsub
[8.153s] -- Up-to-date symlink: /home/divspan/tutorial_ros_cpp/install/cpp_pubsub/share/ament_index/resource_index/parent_prefix_path/cpp_pubsub
[8.154s] -- Up-to-date symlink: /home/divspan/tutorial_ros_cpp/install/cpp_pubsub/share/cpp_pubsub/environment/ament_prefix_path.sh
[8.154s] -- Up-to-date symlink: /home/divspan/tutorial_ros_cpp/install/cpp_pubsub/share/cpp_pubsub/environment/ament_prefix_path.dsv
[8.154s] -- Up-to-date symlink: /home/divspan/tutorial_ros_cpp/install/cpp_pubsub/share/cpp_pubsub/environment/path.sh
[8.154s] -- Up-to-date symlink: /home/divspan/tutorial_ros_cpp/install/cpp_pubsub/share/cpp_pubsub/environment/path.dsv
[8.155s] -- Up-to-date symlink: /home/divspan/tutorial_ros_cpp/install/cpp_pubsub/share/cpp_pubsub/local_setup.bash
[8.155s] -- Up-to-date symlink: /home/divspan/tutorial_ros_cpp/install/cpp_pubsub/share/cpp_pubsub/local_setup.sh
[8.155s] -- Up-to-date symlink: /home/divspan/tutorial_ros_cpp/install/cpp_pubsub/share/cpp_pubsub/local_setup.zsh
[8.155s] -- Up-to-date symlink: /home/divspan/tutorial_ros_cpp/install/cpp_pubsub/share/cpp_pubsub/local_setup.dsv
[8.155s] -- Symlinking: /home/divspan/tutorial_ros_cpp/install/cpp_pubsub/share/cpp_pubsub/package.dsv
[8.167s] -- Up-to-date symlink: /home/divspan/tutorial_ros_cpp/install/cpp_pubsub/share/ament_index/resource_index/packages/cpp_pubsub
[8.168s] -- Up-to-date symlink: /home/divspan/tutorial_ros_cpp/install/cpp_pubsub/share/cpp_pubsub/cmake/cpp_pubsubConfig.cmake
[8.168s] -- Up-to-date symlink: /home/divspan/tutorial_ros_cpp/install/cpp_pubsub/share/cpp_pubsub/cmake/cpp_pubsubConfig-version.cmake
[8.168s] -- Up-to-date symlink: /home/divspan/tutorial_ros_cpp/install/cpp_pubsub/share/cpp_pubsub/package.xml
[8.171s] Invoked command in '/home/divspan/tutorial_ros_cpp/build/cpp_pubsub' returned '0': CMAKE_PREFIX_PATH=${CMAKE_PREFIX_PATH}:/home/divspan/ros2_ws/install/my_robot_controller:/opt/ros/humble /usr/bin/cmake --install /home/divspan/tutorial_ros_cpp/build/cpp_pubsub
