[0.011s] Invoking command in '/home/divspan/tutorial_ros_cpp/src/build/cpp_pubsub': CMAKE_PREFIX_PATH=/home/divspan/ros2_ws/install/my_robot_controller:/opt/ros/humble /usr/bin/cmake /home/divspan/tutorial_ros_cpp/src/cpp_pubsub -DCMAKE_INSTALL_PREFIX=/home/divspan/tutorial_ros_cpp/src/install/cpp_pubsub
[0.126s] -- The C compiler identification is GNU 11.4.0
[0.208s] -- The CXX compiler identification is GNU 11.4.0
[0.219s] -- Detecting C compiler ABI info
[0.303s] -- Detecting C compiler ABI info - done
[0.309s] -- Check for working C compiler: /usr/bin/cc - skipped
[0.309s] -- Detecting C compile features
[0.310s] -- Detecting C compile features - done
[0.314s] -- Detecting CXX compiler ABI info
[0.406s] -- Detecting CXX compiler ABI info - done
[0.413s] -- Check for working CXX compiler: /usr/bin/c++ - skipped
[0.413s] -- Detecting CXX compile features
[0.414s] -- Detecting CXX compile features - done
[0.427s] -- Found ament_cmake: 1.3.9 (/opt/ros/humble/share/ament_cmake/cmake)
[0.572s] -- Found Python3: /usr/bin/python3 (found version "3.10.12") found components: Interpreter 
[0.665s] -- Found rclcpp: 16.0.9 (/opt/ros/humble/share/rclcpp/cmake)
[0.714s] -- Found rosidl_generator_c: 3.1.5 (/opt/ros/humble/share/rosidl_generator_c/cmake)
[0.719s] -- Found rosidl_adapter: 3.1.5 (/opt/ros/humble/share/rosidl_adapter/cmake)
[0.728s] -- Found rosidl_generator_cpp: 3.1.5 (/opt/ros/humble/share/rosidl_generator_cpp/cmake)
[0.744s] -- Using all available rosidl_typesupport_c: rosidl_typesupport_fastrtps_c;rosidl_typesupport_introspection_c
[0.764s] -- Using all available rosidl_typesupport_cpp: rosidl_typesupport_fastrtps_cpp;rosidl_typesupport_introspection_cpp
[0.835s] -- Found rmw_implementation_cmake: 6.1.2 (/opt/ros/humble/share/rmw_implementation_cmake/cmake)
[0.837s] -- Found rmw_fastrtps_cpp: 6.2.6 (/opt/ros/humble/share/rmw_fastrtps_cpp/cmake)
[0.977s] -- Found OpenSSL: /usr/lib/x86_64-linux-gnu/libcrypto.so (found version "3.0.2")  
[1.004s] -- Found FastRTPS: /opt/ros/humble/include  
[1.053s] -- Using RMW implementation 'rmw_fastrtps_cpp' as default
[1.063s] -- Looking for pthread.h
[1.147s] -- Looking for pthread.h - found
[1.147s] -- Performing Test CMAKE_HAVE_LIBC_PTHREAD
[1.227s] -- Performing Test CMAKE_HAVE_LIBC_PTHREAD - Success
[1.228s] -- Found Threads: TRUE  
[1.375s] -- Found ament_lint_auto: 0.12.11 (/opt/ros/humble/share/ament_lint_auto/cmake)
[1.451s] -- Added test 'cppcheck' to perform static code analysis on C / C++ code
[1.451s] -- Configured cppcheck include dirs: 
[1.451s] -- Configured cppcheck exclude dirs and/or files: 
[1.451s] -- Added test 'flake8' to check Python code syntax and style conventions
[1.453s] -- Added test 'lint_cmake' to check CMake code style
[1.453s] -- Added test 'pep257' to check Python code against some of the docstring style conventions in PEP 257
[1.456s] -- Added test 'uncrustify' to check C / C++ code style
[1.456s] -- Configured uncrustify additional arguments: 
[1.457s] -- Added test 'xmllint' to check XML markup files
[1.458s] -- Configuring done
[1.470s] -- Generating done
[1.472s] -- Build files have been written to: /home/divspan/tutorial_ros_cpp/src/build/cpp_pubsub
[1.485s] Invoked command in '/home/divspan/tutorial_ros_cpp/src/build/cpp_pubsub' returned '0': CMAKE_PREFIX_PATH=/home/divspan/ros2_ws/install/my_robot_controller:/opt/ros/humble /usr/bin/cmake /home/divspan/tutorial_ros_cpp/src/cpp_pubsub -DCMAKE_INSTALL_PREFIX=/home/divspan/tutorial_ros_cpp/src/install/cpp_pubsub
[1.488s] Invoking command in '/home/divspan/tutorial_ros_cpp/src/build/cpp_pubsub': CMAKE_PREFIX_PATH=/home/divspan/ros2_ws/install/my_robot_controller:/opt/ros/humble /usr/bin/cmake --build /home/divspan/tutorial_ros_cpp/src/build/cpp_pubsub -- -j16 -l16
[1.546s] [ 25%] [32mBuilding CXX object CMakeFiles/listener.dir/src/subscriber_member_function.cpp.o[0m
[1.546s] [ 50%] [32mBuilding CXX object CMakeFiles/talker.dir/src/publisher_member_function.cpp.o[0m
[5.278s] [ 75%] [32m[1mLinking CXX executable talker[0m
[5.583s] [ 75%] Built target talker
[8.347s] [100%] [32m[1mLinking CXX executable listener[0m
[8.802s] [100%] Built target listener
[8.817s] Invoked command in '/home/divspan/tutorial_ros_cpp/src/build/cpp_pubsub' returned '0': CMAKE_PREFIX_PATH=/home/divspan/ros2_ws/install/my_robot_controller:/opt/ros/humble /usr/bin/cmake --build /home/divspan/tutorial_ros_cpp/src/build/cpp_pubsub -- -j16 -l16
[8.864s] Invoking command in '/home/divspan/tutorial_ros_cpp/src/build/cpp_pubsub': CMAKE_PREFIX_PATH=/home/divspan/ros2_ws/install/my_robot_controller:/opt/ros/humble /usr/bin/cmake --install /home/divspan/tutorial_ros_cpp/src/build/cpp_pubsub
[8.872s] -- Install configuration: ""
[8.873s] -- Installing: /home/divspan/tutorial_ros_cpp/src/install/cpp_pubsub/lib/cpp_pubsub/talker
[8.875s] -- Set runtime path of "/home/divspan/tutorial_ros_cpp/src/install/cpp_pubsub/lib/cpp_pubsub/talker" to ""
[8.875s] -- Installing: /home/divspan/tutorial_ros_cpp/src/install/cpp_pubsub/lib/cpp_pubsub/listener
[8.882s] -- Set runtime path of "/home/divspan/tutorial_ros_cpp/src/install/cpp_pubsub/lib/cpp_pubsub/listener" to ""
[8.882s] -- Installing: /home/divspan/tutorial_ros_cpp/src/install/cpp_pubsub/share/ament_index/resource_index/package_run_dependencies/cpp_pubsub
[8.882s] -- Installing: /home/divspan/tutorial_ros_cpp/src/install/cpp_pubsub/share/ament_index/resource_index/parent_prefix_path/cpp_pubsub
[8.884s] -- Installing: /home/divspan/tutorial_ros_cpp/src/install/cpp_pubsub/share/cpp_pubsub/environment/ament_prefix_path.sh
[8.884s] -- Installing: /home/divspan/tutorial_ros_cpp/src/install/cpp_pubsub/share/cpp_pubsub/environment/ament_prefix_path.dsv
[8.884s] -- Installing: /home/divspan/tutorial_ros_cpp/src/install/cpp_pubsub/share/cpp_pubsub/environment/path.sh
[8.885s] -- Installing: /home/divspan/tutorial_ros_cpp/src/install/cpp_pubsub/share/cpp_pubsub/environment/path.dsv
[8.885s] -- Installing: /home/divspan/tutorial_ros_cpp/src/install/cpp_pubsub/share/cpp_pubsub/local_setup.bash
[8.885s] -- Installing: /home/divspan/tutorial_ros_cpp/src/install/cpp_pubsub/share/cpp_pubsub/local_setup.sh
[8.885s] -- Installing: /home/divspan/tutorial_ros_cpp/src/install/cpp_pubsub/share/cpp_pubsub/local_setup.zsh
[8.885s] -- Installing: /home/divspan/tutorial_ros_cpp/src/install/cpp_pubsub/share/cpp_pubsub/local_setup.dsv
[8.885s] -- Installing: /home/divspan/tutorial_ros_cpp/src/install/cpp_pubsub/share/cpp_pubsub/package.dsv
[8.886s] -- Installing: /home/divspan/tutorial_ros_cpp/src/install/cpp_pubsub/share/ament_index/resource_index/packages/cpp_pubsub
[8.886s] -- Installing: /home/divspan/tutorial_ros_cpp/src/install/cpp_pubsub/share/cpp_pubsub/cmake/cpp_pubsubConfig.cmake
[8.886s] -- Installing: /home/divspan/tutorial_ros_cpp/src/install/cpp_pubsub/share/cpp_pubsub/cmake/cpp_pubsubConfig-version.cmake
[8.887s] -- Installing: /home/divspan/tutorial_ros_cpp/src/install/cpp_pubsub/share/cpp_pubsub/package.xml
[8.890s] Invoked command in '/home/divspan/tutorial_ros_cpp/src/build/cpp_pubsub' returned '0': CMAKE_PREFIX_PATH=/home/divspan/ros2_ws/install/my_robot_controller:/opt/ros/humble /usr/bin/cmake --install /home/divspan/tutorial_ros_cpp/src/build/cpp_pubsub
