[0.014s] Invoking command in '/home/divspan/tutorial_ros_cpp/build/cpp_pubsub': CMAKE_PREFIX_PATH=${CMAKE_PREFIX_PATH}:/home/divspan/ros2_ws/install/my_robot_controller:/opt/ros/humble /usr/bin/cmake --build /home/divspan/tutorial_ros_cpp/build/cpp_pubsub -- -j16 -l16
[0.072s] -- Found ament_cmake: 1.3.9 (/opt/ros/humble/share/ament_cmake/cmake)
[0.212s] -- Override CMake install command with custom implementation using symlinks instead of copying resources
[0.226s] -- Found rclcpp: 16.0.9 (/opt/ros/humble/share/rclcpp/cmake)
[0.265s] -- Found rosidl_generator_c: 3.1.5 (/opt/ros/humble/share/rosidl_generator_c/cmake)
[0.269s] -- Found rosidl_adapter: 3.1.5 (/opt/ros/humble/share/rosidl_adapter/cmake)
[0.276s] -- Found rosidl_generator_cpp: 3.1.5 (/opt/ros/humble/share/rosidl_generator_cpp/cmake)
[0.288s] -- Using all available rosidl_typesupport_c: rosidl_typesupport_fastrtps_c;rosidl_typesupport_introspection_c
[0.308s] -- Using all available rosidl_typesupport_cpp: rosidl_typesupport_fastrtps_cpp;rosidl_typesupport_introspection_cpp
[0.382s] -- Found rmw_implementation_cmake: 6.1.2 (/opt/ros/humble/share/rmw_implementation_cmake/cmake)
[0.384s] -- Found rmw_fastrtps_cpp: 6.2.6 (/opt/ros/humble/share/rmw_fastrtps_cpp/cmake)
[0.521s] -- Using RMW implementation 'rmw_fastrtps_cpp' as default
[0.683s] -- Found geometry_msgs: 4.2.4 (/opt/ros/humble/share/geometry_msgs/cmake)
[0.724s] -- Found turtlesim: 1.4.2 (/opt/ros/humble/share/turtlesim/cmake)
[0.868s] -- Found ament_lint_auto: 0.12.11 (/opt/ros/humble/share/ament_lint_auto/cmake)
[0.945s] -- Added test 'cppcheck' to perform static code analysis on C / C++ code
[0.946s] -- Configured cppcheck include dirs: 
[0.946s] -- Configured cppcheck exclude dirs and/or files: 
[0.946s] -- Added test 'flake8' to check Python code syntax and style conventions
[0.947s] -- Added test 'lint_cmake' to check CMake code style
[0.948s] -- Added test 'pep257' to check Python code against some of the docstring style conventions in PEP 257
[0.951s] -- Added test 'uncrustify' to check C / C++ code style
[0.952s] -- Configured uncrustify additional arguments: 
[0.952s] -- Added test 'xmllint' to check XML markup files
[0.954s] -- Configuring done
[0.991s] -- Generating done
[0.995s] -- Build files have been written to: /home/divspan/tutorial_ros_cpp/build/cpp_pubsub
[1.036s] [35m[1mConsolidate compiler generated dependencies of target talker[0m
[1.036s] [35m[1mConsolidate compiler generated dependencies of target draw_circle[0m
[1.036s] [35m[1mConsolidate compiler generated dependencies of target sender[0m
[1.037s] [35m[1mConsolidate compiler generated dependencies of target listener[0m
[1.050s] [ 10%] [32mBuilding CXX object CMakeFiles/pose_subscriber.dir/src/pose_sub.cpp.o[0m
[1.071s] [ 30%] Built target talker
[1.074s] [ 70%] Built target listener
[1.074s] [ 70%] Built target draw_circle
[1.076s] [ 80%] [32mBuilding CXX object CMakeFiles/sender.dir/src/sender_node.cpp.o[0m
[4.231s] [01m[K/home/divspan/tutorial_ros_cpp/src/cpp_pubsub/src/pose_sub.cpp:[m[K In member function ‘[01m[Kvoid PoseSubscriber::pose_callback(turtlesim::msg::Pose)[m[K’:
[4.231s] [01m[K/home/divspan/tutorial_ros_cpp/src/cpp_pubsub/src/pose_sub.cpp:11:49:[m[K [01;35m[Kwarning: [m[Kunused parameter ‘[01m[Kpose[m[K’ [[01;35m[K]8;;https://gcc.gnu.org/onlinedocs/gcc/Warning-Options.html#index-Wunused-parameter-Wunused-parameter]8;;[m[K]
[4.231s]    11 |         void pose_callback([01;35m[Kturtlesim::msg::Pose pose[m[K){}
[4.231s]       |                            [01;35m[K~~~~~~~~~~~~~~~~~~~~~^~~~[m[K
[4.949s] [ 90%] [32m[1mLinking CXX executable pose_subscriber[0m
[5.182s] [ 90%] Built target pose_subscriber
[6.647s] [100%] [32m[1mLinking CXX executable sender[0m
[6.898s] [100%] Built target sender
[6.914s] Invoked command in '/home/divspan/tutorial_ros_cpp/build/cpp_pubsub' returned '0': CMAKE_PREFIX_PATH=${CMAKE_PREFIX_PATH}:/home/divspan/ros2_ws/install/my_robot_controller:/opt/ros/humble /usr/bin/cmake --build /home/divspan/tutorial_ros_cpp/build/cpp_pubsub -- -j16 -l16
[6.967s] Invoking command in '/home/divspan/tutorial_ros_cpp/build/cpp_pubsub': CMAKE_PREFIX_PATH=${CMAKE_PREFIX_PATH}:/home/divspan/ros2_ws/install/my_robot_controller:/opt/ros/humble /usr/bin/cmake --install /home/divspan/tutorial_ros_cpp/build/cpp_pubsub
[6.975s] -- Install configuration: ""
[6.976s] -- Execute custom install script
[6.976s] -- Up-to-date symlink: /home/divspan/tutorial_ros_cpp/install/cpp_pubsub/lib/cpp_pubsub/talker
[6.977s] -- Up-to-date symlink: /home/divspan/tutorial_ros_cpp/install/cpp_pubsub/lib/cpp_pubsub/listener
[6.977s] -- Up-to-date symlink: /home/divspan/tutorial_ros_cpp/install/cpp_pubsub/lib/cpp_pubsub/sender
[6.977s] -- Symlinking: /home/divspan/tutorial_ros_cpp/install/cpp_pubsub/lib/cpp_pubsub/pose_subscriber
[6.988s] -- Up-to-date symlink: /home/divspan/tutorial_ros_cpp/install/cpp_pubsub/lib/cpp_pubsub/draw_circle
[6.988s] -- Up-to-date symlink: /home/divspan/tutorial_ros_cpp/install/cpp_pubsub/share/ament_index/resource_index/package_run_dependencies/cpp_pubsub
[6.989s] -- Up-to-date symlink: /home/divspan/tutorial_ros_cpp/install/cpp_pubsub/share/ament_index/resource_index/parent_prefix_path/cpp_pubsub
[6.989s] -- Up-to-date symlink: /home/divspan/tutorial_ros_cpp/install/cpp_pubsub/share/cpp_pubsub/environment/ament_prefix_path.sh
[6.990s] -- Up-to-date symlink: /home/divspan/tutorial_ros_cpp/install/cpp_pubsub/share/cpp_pubsub/environment/ament_prefix_path.dsv
[6.990s] -- Up-to-date symlink: /home/divspan/tutorial_ros_cpp/install/cpp_pubsub/share/cpp_pubsub/environment/path.sh
[6.990s] -- Up-to-date symlink: /home/divspan/tutorial_ros_cpp/install/cpp_pubsub/share/cpp_pubsub/environment/path.dsv
[6.990s] -- Up-to-date symlink: /home/divspan/tutorial_ros_cpp/install/cpp_pubsub/share/cpp_pubsub/local_setup.bash
[6.990s] -- Up-to-date symlink: /home/divspan/tutorial_ros_cpp/install/cpp_pubsub/share/cpp_pubsub/local_setup.sh
[6.991s] -- Up-to-date symlink: /home/divspan/tutorial_ros_cpp/install/cpp_pubsub/share/cpp_pubsub/local_setup.zsh
[6.991s] -- Up-to-date symlink: /home/divspan/tutorial_ros_cpp/install/cpp_pubsub/share/cpp_pubsub/local_setup.dsv
[6.991s] -- Symlinking: /home/divspan/tutorial_ros_cpp/install/cpp_pubsub/share/cpp_pubsub/package.dsv
[7.003s] -- Up-to-date symlink: /home/divspan/tutorial_ros_cpp/install/cpp_pubsub/share/ament_index/resource_index/packages/cpp_pubsub
[7.003s] -- Up-to-date symlink: /home/divspan/tutorial_ros_cpp/install/cpp_pubsub/share/cpp_pubsub/cmake/cpp_pubsubConfig.cmake
[7.003s] -- Up-to-date symlink: /home/divspan/tutorial_ros_cpp/install/cpp_pubsub/share/cpp_pubsub/cmake/cpp_pubsubConfig-version.cmake
[7.003s] -- Up-to-date symlink: /home/divspan/tutorial_ros_cpp/install/cpp_pubsub/share/cpp_pubsub/package.xml
[7.007s] Invoked command in '/home/divspan/tutorial_ros_cpp/build/cpp_pubsub' returned '0': CMAKE_PREFIX_PATH=${CMAKE_PREFIX_PATH}:/home/divspan/ros2_ws/install/my_robot_controller:/opt/ros/humble /usr/bin/cmake --install /home/divspan/tutorial_ros_cpp/build/cpp_pubsub
