[0.012s] Invoking command in '/home/divspan/tutorial_ros_cpp/build/cpp_pubsub': CMAKE_PREFIX_PATH=${CMAKE_PREFIX_PATH}:/home/divspan/ros2_ws/install/my_robot_controller:/opt/ros/humble /usr/bin/cmake /home/divspan/tutorial_ros_cpp/src/cpp_pubsub -DAMENT_CMAKE_SYMLINK_INSTALL=1 -DCMAKE_INSTALL_PREFIX=/home/divspan/tutorial_ros_cpp/install/cpp_pubsub
[0.036s] -- Found ament_cmake: 1.3.9 (/opt/ros/humble/share/ament_cmake/cmake)
[0.152s] -- Override CMake install command with custom implementation using symlinks instead of copying resources
[0.171s] -- Found rclcpp: 16.0.9 (/opt/ros/humble/share/rclcpp/cmake)
[0.210s] -- Found rosidl_generator_c: 3.1.5 (/opt/ros/humble/share/rosidl_generator_c/cmake)
[0.213s] -- Found rosidl_adapter: 3.1.5 (/opt/ros/humble/share/rosidl_adapter/cmake)
[0.221s] -- Found rosidl_generator_cpp: 3.1.5 (/opt/ros/humble/share/rosidl_generator_cpp/cmake)
[0.234s] -- Using all available rosidl_typesupport_c: rosidl_typesupport_fastrtps_c;rosidl_typesupport_introspection_c
[0.250s] -- Using all available rosidl_typesupport_cpp: rosidl_typesupport_fastrtps_cpp;rosidl_typesupport_introspection_cpp
[0.308s] -- Found rmw_implementation_cmake: 6.1.2 (/opt/ros/humble/share/rmw_implementation_cmake/cmake)
[0.310s] -- Found rmw_fastrtps_cpp: 6.2.6 (/opt/ros/humble/share/rmw_fastrtps_cpp/cmake)
[0.440s] -- Using RMW implementation 'rmw_fastrtps_cpp' as default
[0.585s] -- Found ament_lint_auto: 0.12.11 (/opt/ros/humble/share/ament_lint_auto/cmake)
[0.650s] [31mCMake Error at CMakeLists.txt:28 (add_executable):
[0.650s]   add_executable cannot create target "talker" because another target with
[0.650s]   the same name already exists.  The existing target is an executable created
[0.650s]   in source directory "/home/divspan/tutorial_ros_cpp/src/cpp_pubsub".  See
[0.651s]   documentation for policy CMP0002 for more details.
[0.651s] 
[0.651s] [0m
[0.651s] [31mCMake Error at /opt/ros/humble/share/ament_cmake_target_dependencies/cmake/ament_target_dependencies.cmake:42 (message):
[0.651s]   ament_target_dependencies() the first argument must be a valid target name
[0.651s] Call Stack (most recent call first):
[0.651s]   CMakeLists.txt:29 (ament_target_dependencies)
[0.651s] 
[0.651s] [0m
[0.651s] -- Configuring incomplete, errors occurred!
[0.652s] See also "/home/divspan/tutorial_ros_cpp/build/cpp_pubsub/CMakeFiles/CMakeOutput.log".
[0.657s] Invoked command in '/home/divspan/tutorial_ros_cpp/build/cpp_pubsub' returned '1': CMAKE_PREFIX_PATH=${CMAKE_PREFIX_PATH}:/home/divspan/ros2_ws/install/my_robot_controller:/opt/ros/humble /usr/bin/cmake /home/divspan/tutorial_ros_cpp/src/cpp_pubsub -DAMENT_CMAKE_SYMLINK_INSTALL=1 -DCMAKE_INSTALL_PREFIX=/home/divspan/tutorial_ros_cpp/install/cpp_pubsub
