[0.118s] DEBUG:colcon:Command line arguments: ['/usr/bin/colcon', 'build']
[0.118s] DEBUG:colcon:Parsed command line arguments: Namespace(log_base=None, log_level=None, verb_name='build', build_base='build', install_base='install', merge_install=False, symlink_install=False, test_result_base=None, continue_on_error=False, executor='parallel', parallel_workers=16, event_handlers=None, ignore_user_meta=False, metas=['./colcon.meta'], base_paths=['.'], packages_ignore=None, packages_ignore_regex=None, paths=None, packages_up_to=None, packages_up_to_regex=None, packages_above=None, packages_above_and_dependencies=None, packages_above_depth=None, packages_select_by_dep=None, packages_skip_by_dep=None, packages_skip_up_to=None, packages_select_build_failed=False, packages_skip_build_finished=False, packages_select_test_failures=False, packages_skip_test_passed=False, packages_select=None, packages_skip=None, packages_select_regex=None, packages_skip_regex=None, packages_start=None, packages_end=None, allow_overriding=[], cmake_args=None, cmake_target=None, cmake_target_skip_unavailable=False, cmake_clean_cache=False, cmake_clean_first=False, cmake_force_configure=False, ament_cmake_args=None, catkin_cmake_args=None, catkin_skip_building_tests=False, verb_parser=<colcon_defaults.argument_parser.defaults.DefaultArgumentsDecorator object at 0x7f636e408340>, verb_extension=<colcon_core.verb.build.BuildVerb object at 0x7f636e3d7eb0>, main=<bound method BuildVerb.main of <colcon_core.verb.build.BuildVerb object at 0x7f636e3d7eb0>>)
[0.294s] Level 1:colcon.colcon_core.package_discovery:discover_packages(colcon_meta) check parameters
[0.294s] Level 1:colcon.colcon_core.package_discovery:discover_packages(recursive) check parameters
[0.294s] Level 1:colcon.colcon_core.package_discovery:discover_packages(ignore) check parameters
[0.294s] Level 1:colcon.colcon_core.package_discovery:discover_packages(path) check parameters
[0.294s] Level 1:colcon.colcon_core.package_discovery:discover_packages(colcon_meta) discover
[0.295s] Level 1:colcon.colcon_core.package_discovery:discover_packages(recursive) discover
[0.295s] INFO:colcon.colcon_core.package_discovery:Crawling recursively for packages in '/home/divspan/tutorial_ros_cpp'
[0.295s] Level 1:colcon.colcon_core.package_identification:_identify(.) by extensions ['ignore', 'ignore_ament_install']
[0.295s] Level 1:colcon.colcon_core.package_identification:_identify(.) by extension 'ignore'
[0.295s] Level 1:colcon.colcon_core.package_identification:_identify(.) by extension 'ignore_ament_install'
[0.295s] Level 1:colcon.colcon_core.package_identification:_identify(.) by extensions ['colcon_pkg']
[0.295s] Level 1:colcon.colcon_core.package_identification:_identify(.) by extension 'colcon_pkg'
[0.295s] Level 1:colcon.colcon_core.package_identification:_identify(.) by extensions ['colcon_meta']
[0.295s] Level 1:colcon.colcon_core.package_identification:_identify(.) by extension 'colcon_meta'
[0.295s] Level 1:colcon.colcon_core.package_identification:_identify(.) by extensions ['ros']
[0.295s] Level 1:colcon.colcon_core.package_identification:_identify(.) by extension 'ros'
[0.306s] Level 1:colcon.colcon_core.package_identification:_identify(.) by extensions ['cmake', 'python']
[0.306s] Level 1:colcon.colcon_core.package_identification:_identify(.) by extension 'cmake'
[0.306s] Level 1:colcon.colcon_core.package_identification:_identify(.) by extension 'python'
[0.306s] Level 1:colcon.colcon_core.package_identification:_identify(.) by extensions ['python_setup_py']
[0.306s] Level 1:colcon.colcon_core.package_identification:_identify(.) by extension 'python_setup_py'
[0.306s] Level 1:colcon.colcon_core.package_identification:_identify(build) by extensions ['ignore', 'ignore_ament_install']
[0.306s] Level 1:colcon.colcon_core.package_identification:_identify(build) by extension 'ignore'
[0.306s] Level 1:colcon.colcon_core.package_identification:_identify(build) ignored
[0.306s] Level 1:colcon.colcon_core.package_identification:_identify(install) by extensions ['ignore', 'ignore_ament_install']
[0.306s] Level 1:colcon.colcon_core.package_identification:_identify(install) by extension 'ignore'
[0.307s] Level 1:colcon.colcon_core.package_identification:_identify(install) ignored
[0.307s] Level 1:colcon.colcon_core.package_identification:_identify(log) by extensions ['ignore', 'ignore_ament_install']
[0.307s] Level 1:colcon.colcon_core.package_identification:_identify(log) by extension 'ignore'
[0.307s] Level 1:colcon.colcon_core.package_identification:_identify(log) ignored
[0.307s] Level 1:colcon.colcon_core.package_identification:_identify(src) by extensions ['ignore', 'ignore_ament_install']
[0.307s] Level 1:colcon.colcon_core.package_identification:_identify(src) by extension 'ignore'
[0.307s] Level 1:colcon.colcon_core.package_identification:_identify(src) by extension 'ignore_ament_install'
[0.307s] Level 1:colcon.colcon_core.package_identification:_identify(src) by extensions ['colcon_pkg']
[0.307s] Level 1:colcon.colcon_core.package_identification:_identify(src) by extension 'colcon_pkg'
[0.307s] Level 1:colcon.colcon_core.package_identification:_identify(src) by extensions ['colcon_meta']
[0.307s] Level 1:colcon.colcon_core.package_identification:_identify(src) by extension 'colcon_meta'
[0.307s] Level 1:colcon.colcon_core.package_identification:_identify(src) by extensions ['ros']
[0.307s] Level 1:colcon.colcon_core.package_identification:_identify(src) by extension 'ros'
[0.307s] Level 1:colcon.colcon_core.package_identification:_identify(src) by extensions ['cmake', 'python']
[0.307s] Level 1:colcon.colcon_core.package_identification:_identify(src) by extension 'cmake'
[0.307s] Level 1:colcon.colcon_core.package_identification:_identify(src) by extension 'python'
[0.307s] Level 1:colcon.colcon_core.package_identification:_identify(src) by extensions ['python_setup_py']
[0.307s] Level 1:colcon.colcon_core.package_identification:_identify(src) by extension 'python_setup_py'
[0.307s] Level 1:colcon.colcon_core.package_identification:_identify(src/build) by extensions ['ignore', 'ignore_ament_install']
[0.307s] Level 1:colcon.colcon_core.package_identification:_identify(src/build) by extension 'ignore'
[0.307s] Level 1:colcon.colcon_core.package_identification:_identify(src/build) ignored
[0.307s] Level 1:colcon.colcon_core.package_identification:_identify(src/cpp_pubsub) by extensions ['ignore', 'ignore_ament_install']
[0.307s] Level 1:colcon.colcon_core.package_identification:_identify(src/cpp_pubsub) by extension 'ignore'
[0.308s] Level 1:colcon.colcon_core.package_identification:_identify(src/cpp_pubsub) by extension 'ignore_ament_install'
[0.308s] Level 1:colcon.colcon_core.package_identification:_identify(src/cpp_pubsub) by extensions ['colcon_pkg']
[0.308s] Level 1:colcon.colcon_core.package_identification:_identify(src/cpp_pubsub) by extension 'colcon_pkg'
[0.308s] Level 1:colcon.colcon_core.package_identification:_identify(src/cpp_pubsub) by extensions ['colcon_meta']
[0.308s] Level 1:colcon.colcon_core.package_identification:_identify(src/cpp_pubsub) by extension 'colcon_meta'
[0.308s] Level 1:colcon.colcon_core.package_identification:_identify(src/cpp_pubsub) by extensions ['ros']
[0.308s] Level 1:colcon.colcon_core.package_identification:_identify(src/cpp_pubsub) by extension 'ros'
[0.310s] DEBUG:colcon.colcon_core.package_identification:Package 'src/cpp_pubsub' with type 'ros.ament_cmake' and name 'cpp_pubsub'
[0.310s] Level 1:colcon.colcon_core.package_identification:_identify(src/install) by extensions ['ignore', 'ignore_ament_install']
[0.310s] Level 1:colcon.colcon_core.package_identification:_identify(src/install) by extension 'ignore'
[0.310s] Level 1:colcon.colcon_core.package_identification:_identify(src/install) ignored
[0.311s] Level 1:colcon.colcon_core.package_identification:_identify(src/log) by extensions ['ignore', 'ignore_ament_install']
[0.311s] Level 1:colcon.colcon_core.package_identification:_identify(src/log) by extension 'ignore'
[0.311s] Level 1:colcon.colcon_core.package_identification:_identify(src/log) ignored
[0.311s] Level 1:colcon.colcon_core.package_discovery:discover_packages(recursive) using defaults
[0.311s] Level 1:colcon.colcon_core.package_discovery:discover_packages(ignore) discover
[0.311s] Level 1:colcon.colcon_core.package_discovery:discover_packages(ignore) using defaults
[0.311s] Level 1:colcon.colcon_core.package_discovery:discover_packages(path) discover
[0.311s] Level 1:colcon.colcon_core.package_discovery:discover_packages(path) using defaults
[0.330s] Level 1:colcon.colcon_core.package_discovery:discover_packages(prefix_path) check parameters
[0.330s] Level 1:colcon.colcon_core.package_discovery:discover_packages(prefix_path) discover
[0.332s] DEBUG:colcon.colcon_installed_package_information.package_discovery:Found 0 installed packages in /home/divspan/tutorial_ros_cpp/install
[0.332s] DEBUG:colcon.colcon_installed_package_information.package_discovery:Found 1 installed packages in /home/divspan/ros2_ws/install
[0.333s] DEBUG:colcon.colcon_installed_package_information.package_discovery:Found 1 installed packages in /home/divspan/tutorial_ros_cpp/src/install
[0.334s] DEBUG:colcon.colcon_installed_package_information.package_discovery:Found 270 installed packages in /opt/ros/humble
[0.335s] Level 1:colcon.colcon_core.package_discovery:discover_packages(prefix_path) using defaults
[0.378s] Level 5:colcon.colcon_core.verb:set package 'cpp_pubsub' build argument 'cmake_args' from command line to 'None'
[0.378s] Level 5:colcon.colcon_core.verb:set package 'cpp_pubsub' build argument 'cmake_target' from command line to 'None'
[0.378s] Level 5:colcon.colcon_core.verb:set package 'cpp_pubsub' build argument 'cmake_target_skip_unavailable' from command line to 'False'
[0.378s] Level 5:colcon.colcon_core.verb:set package 'cpp_pubsub' build argument 'cmake_clean_cache' from command line to 'False'
[0.378s] Level 5:colcon.colcon_core.verb:set package 'cpp_pubsub' build argument 'cmake_clean_first' from command line to 'False'
[0.378s] Level 5:colcon.colcon_core.verb:set package 'cpp_pubsub' build argument 'cmake_force_configure' from command line to 'False'
[0.378s] Level 5:colcon.colcon_core.verb:set package 'cpp_pubsub' build argument 'ament_cmake_args' from command line to 'None'
[0.379s] Level 5:colcon.colcon_core.verb:set package 'cpp_pubsub' build argument 'catkin_cmake_args' from command line to 'None'
[0.379s] Level 5:colcon.colcon_core.verb:set package 'cpp_pubsub' build argument 'catkin_skip_building_tests' from command line to 'False'
[0.379s] DEBUG:colcon.colcon_core.verb:Building package 'cpp_pubsub' with the following arguments: {'ament_cmake_args': None, 'build_base': '/home/divspan/tutorial_ros_cpp/build/cpp_pubsub', 'catkin_cmake_args': None, 'catkin_skip_building_tests': False, 'cmake_args': None, 'cmake_clean_cache': False, 'cmake_clean_first': False, 'cmake_force_configure': False, 'cmake_target': None, 'cmake_target_skip_unavailable': False, 'install_base': '/home/divspan/tutorial_ros_cpp/install/cpp_pubsub', 'merge_install': False, 'path': '/home/divspan/tutorial_ros_cpp/src/cpp_pubsub', 'symlink_install': False, 'test_result_base': None}
[0.379s] INFO:colcon.colcon_core.executor:Executing jobs using 'parallel' executor
[0.380s] DEBUG:colcon.colcon_parallel_executor.executor.parallel:run_until_complete
[0.380s] INFO:colcon.colcon_ros.task.ament_cmake.build:Building ROS package in '/home/divspan/tutorial_ros_cpp/src/cpp_pubsub' with build type 'ament_cmake'
[0.380s] INFO:colcon.colcon_cmake.task.cmake.build:Building CMake package in '/home/divspan/tutorial_ros_cpp/src/cpp_pubsub'
[0.383s] INFO:colcon.colcon_core.plugin_system:Skipping extension 'colcon_core.shell.bat': Not used on non-Windows systems
[0.383s] INFO:colcon.colcon_core.shell:Skip shell extension 'powershell' for command environment: Not usable outside of PowerShell
[0.383s] DEBUG:colcon.colcon_core.shell:Skip shell extension 'dsv' for command environment
[0.391s] DEBUG:colcon.colcon_core.event_handler.log_command:Invoking command in '/home/divspan/tutorial_ros_cpp/build/cpp_pubsub': CMAKE_PREFIX_PATH=${CMAKE_PREFIX_PATH}:/home/divspan/ros2_ws/install/my_robot_controller:/opt/ros/humble /usr/bin/cmake /home/divspan/tutorial_ros_cpp/src/cpp_pubsub -DCMAKE_INSTALL_PREFIX=/home/divspan/tutorial_ros_cpp/install/cpp_pubsub
[1.768s] DEBUG:colcon.colcon_core.event_handler.log_command:Invoked command in '/home/divspan/tutorial_ros_cpp/build/cpp_pubsub' returned '0': CMAKE_PREFIX_PATH=${CMAKE_PREFIX_PATH}:/home/divspan/ros2_ws/install/my_robot_controller:/opt/ros/humble /usr/bin/cmake /home/divspan/tutorial_ros_cpp/src/cpp_pubsub -DCMAKE_INSTALL_PREFIX=/home/divspan/tutorial_ros_cpp/install/cpp_pubsub
[1.771s] DEBUG:colcon.colcon_core.event_handler.log_command:Invoking command in '/home/divspan/tutorial_ros_cpp/build/cpp_pubsub': CMAKE_PREFIX_PATH=${CMAKE_PREFIX_PATH}:/home/divspan/ros2_ws/install/my_robot_controller:/opt/ros/humble /usr/bin/cmake --build /home/divspan/tutorial_ros_cpp/build/cpp_pubsub -- -j16 -l16
[8.916s] DEBUG:colcon.colcon_core.event_handler.log_command:Invoked command in '/home/divspan/tutorial_ros_cpp/build/cpp_pubsub' returned '0': CMAKE_PREFIX_PATH=${CMAKE_PREFIX_PATH}:/home/divspan/ros2_ws/install/my_robot_controller:/opt/ros/humble /usr/bin/cmake --build /home/divspan/tutorial_ros_cpp/build/cpp_pubsub -- -j16 -l16
[8.956s] DEBUG:colcon.colcon_core.event_handler.log_command:Invoking command in '/home/divspan/tutorial_ros_cpp/build/cpp_pubsub': CMAKE_PREFIX_PATH=${CMAKE_PREFIX_PATH}:/home/divspan/ros2_ws/install/my_robot_controller:/opt/ros/humble /usr/bin/cmake --install /home/divspan/tutorial_ros_cpp/build/cpp_pubsub
[8.974s] Level 1:colcon.colcon_core.environment:create_environment_scripts_only(cpp_pubsub)
[8.975s] DEBUG:colcon.colcon_core.event_handler.log_command:Invoked command in '/home/divspan/tutorial_ros_cpp/build/cpp_pubsub' returned '0': CMAKE_PREFIX_PATH=${CMAKE_PREFIX_PATH}:/home/divspan/ros2_ws/install/my_robot_controller:/opt/ros/humble /usr/bin/cmake --install /home/divspan/tutorial_ros_cpp/build/cpp_pubsub
[8.981s] Level 1:colcon.colcon_core.environment:checking '/home/divspan/tutorial_ros_cpp/install/cpp_pubsub' for CMake module files
[8.982s] Level 1:colcon.colcon_core.environment:checking '/home/divspan/tutorial_ros_cpp/install/cpp_pubsub' for CMake config files
[8.982s] Level 1:colcon.colcon_core.shell:create_environment_hook('cpp_pubsub', 'cmake_prefix_path')
[8.982s] INFO:colcon.colcon_core.shell:Creating environment hook '/home/divspan/tutorial_ros_cpp/install/cpp_pubsub/share/cpp_pubsub/hook/cmake_prefix_path.ps1'
[8.983s] INFO:colcon.colcon_core.shell:Creating environment descriptor '/home/divspan/tutorial_ros_cpp/install/cpp_pubsub/share/cpp_pubsub/hook/cmake_prefix_path.dsv'
[8.983s] INFO:colcon.colcon_core.shell:Creating environment hook '/home/divspan/tutorial_ros_cpp/install/cpp_pubsub/share/cpp_pubsub/hook/cmake_prefix_path.sh'
[8.984s] Level 1:colcon.colcon_core.environment:checking '/home/divspan/tutorial_ros_cpp/install/cpp_pubsub/lib'
[8.984s] Level 1:colcon.colcon_core.environment:checking '/home/divspan/tutorial_ros_cpp/install/cpp_pubsub/bin'
[8.984s] Level 1:colcon.colcon_core.environment:checking '/home/divspan/tutorial_ros_cpp/install/cpp_pubsub/lib/pkgconfig/cpp_pubsub.pc'
[8.985s] Level 1:colcon.colcon_core.environment:checking '/home/divspan/tutorial_ros_cpp/install/cpp_pubsub/lib/python3.10/site-packages'
[8.985s] Level 1:colcon.colcon_core.environment:checking '/home/divspan/tutorial_ros_cpp/install/cpp_pubsub/bin'
[8.985s] INFO:colcon.colcon_core.shell:Creating package script '/home/divspan/tutorial_ros_cpp/install/cpp_pubsub/share/cpp_pubsub/package.ps1'
[8.986s] INFO:colcon.colcon_core.shell:Creating package descriptor '/home/divspan/tutorial_ros_cpp/install/cpp_pubsub/share/cpp_pubsub/package.dsv'
[8.986s] INFO:colcon.colcon_core.shell:Creating package script '/home/divspan/tutorial_ros_cpp/install/cpp_pubsub/share/cpp_pubsub/package.sh'
[8.987s] INFO:colcon.colcon_core.shell:Creating package script '/home/divspan/tutorial_ros_cpp/install/cpp_pubsub/share/cpp_pubsub/package.bash'
[8.988s] INFO:colcon.colcon_core.shell:Creating package script '/home/divspan/tutorial_ros_cpp/install/cpp_pubsub/share/cpp_pubsub/package.zsh'
[8.988s] Level 1:colcon.colcon_core.environment:create_file_with_runtime_dependencies(/home/divspan/tutorial_ros_cpp/install/cpp_pubsub/share/colcon-core/packages/cpp_pubsub)
[9.018s] Level 1:colcon.colcon_core.environment:create_environment_scripts_only(cpp_pubsub)
[9.018s] Level 1:colcon.colcon_core.environment:checking '/home/divspan/tutorial_ros_cpp/install/cpp_pubsub' for CMake module files
[9.019s] Level 1:colcon.colcon_core.environment:checking '/home/divspan/tutorial_ros_cpp/install/cpp_pubsub' for CMake config files
[9.019s] Level 1:colcon.colcon_core.shell:create_environment_hook('cpp_pubsub', 'cmake_prefix_path')
[9.019s] INFO:colcon.colcon_core.shell:Creating environment hook '/home/divspan/tutorial_ros_cpp/install/cpp_pubsub/share/cpp_pubsub/hook/cmake_prefix_path.ps1'
[9.019s] INFO:colcon.colcon_core.shell:Creating environment descriptor '/home/divspan/tutorial_ros_cpp/install/cpp_pubsub/share/cpp_pubsub/hook/cmake_prefix_path.dsv'
[9.019s] INFO:colcon.colcon_core.shell:Creating environment hook '/home/divspan/tutorial_ros_cpp/install/cpp_pubsub/share/cpp_pubsub/hook/cmake_prefix_path.sh'
[9.020s] Level 1:colcon.colcon_core.environment:checking '/home/divspan/tutorial_ros_cpp/install/cpp_pubsub/lib'
[9.020s] Level 1:colcon.colcon_core.environment:checking '/home/divspan/tutorial_ros_cpp/install/cpp_pubsub/bin'
[9.020s] Level 1:colcon.colcon_core.environment:checking '/home/divspan/tutorial_ros_cpp/install/cpp_pubsub/lib/pkgconfig/cpp_pubsub.pc'
[9.020s] Level 1:colcon.colcon_core.environment:checking '/home/divspan/tutorial_ros_cpp/install/cpp_pubsub/lib/python3.10/site-packages'
[9.020s] Level 1:colcon.colcon_core.environment:checking '/home/divspan/tutorial_ros_cpp/install/cpp_pubsub/bin'
[9.021s] INFO:colcon.colcon_core.shell:Creating package script '/home/divspan/tutorial_ros_cpp/install/cpp_pubsub/share/cpp_pubsub/package.ps1'
[9.021s] INFO:colcon.colcon_core.shell:Creating package descriptor '/home/divspan/tutorial_ros_cpp/install/cpp_pubsub/share/cpp_pubsub/package.dsv'
[9.021s] INFO:colcon.colcon_core.shell:Creating package script '/home/divspan/tutorial_ros_cpp/install/cpp_pubsub/share/cpp_pubsub/package.sh'
[9.022s] INFO:colcon.colcon_core.shell:Creating package script '/home/divspan/tutorial_ros_cpp/install/cpp_pubsub/share/cpp_pubsub/package.bash'
[9.022s] INFO:colcon.colcon_core.shell:Creating package script '/home/divspan/tutorial_ros_cpp/install/cpp_pubsub/share/cpp_pubsub/package.zsh'
[9.022s] Level 1:colcon.colcon_core.environment:create_file_with_runtime_dependencies(/home/divspan/tutorial_ros_cpp/install/cpp_pubsub/share/colcon-core/packages/cpp_pubsub)
[9.022s] DEBUG:colcon.colcon_parallel_executor.executor.parallel:closing loop
[9.023s] DEBUG:colcon.colcon_parallel_executor.executor.parallel:loop closed
[9.023s] DEBUG:colcon.colcon_parallel_executor.executor.parallel:run_until_complete finished with '0'
[9.023s] DEBUG:colcon.colcon_core.event_reactor:joining thread
[9.032s] INFO:colcon.colcon_core.plugin_system:Skipping extension 'colcon_notification.desktop_notification.terminal_notifier': Not used on non-Darwin systems
[9.032s] INFO:colcon.colcon_core.plugin_system:Skipping extension 'colcon_notification.desktop_notification.win32': Not used on non-Windows systems
[9.032s] INFO:colcon.colcon_notification.desktop_notification:Sending desktop notification using 'notify2'
[9.090s] DEBUG:colcon.colcon_core.event_reactor:joined thread
[9.091s] INFO:colcon.colcon_core.shell:Creating prefix script '/home/divspan/tutorial_ros_cpp/install/local_setup.ps1'
[9.092s] INFO:colcon.colcon_core.shell:Creating prefix util module '/home/divspan/tutorial_ros_cpp/install/_local_setup_util_ps1.py'
[9.093s] INFO:colcon.colcon_core.shell:Creating prefix chain script '/home/divspan/tutorial_ros_cpp/install/setup.ps1'
[9.095s] INFO:colcon.colcon_core.shell:Creating prefix script '/home/divspan/tutorial_ros_cpp/install/local_setup.sh'
[9.095s] INFO:colcon.colcon_core.shell:Creating prefix util module '/home/divspan/tutorial_ros_cpp/install/_local_setup_util_sh.py'
[9.096s] INFO:colcon.colcon_core.shell:Creating prefix chain script '/home/divspan/tutorial_ros_cpp/install/setup.sh'
[9.097s] INFO:colcon.colcon_core.shell:Creating prefix script '/home/divspan/tutorial_ros_cpp/install/local_setup.bash'
[9.097s] INFO:colcon.colcon_core.shell:Creating prefix chain script '/home/divspan/tutorial_ros_cpp/install/setup.bash'
[9.098s] INFO:colcon.colcon_core.shell:Creating prefix script '/home/divspan/tutorial_ros_cpp/install/local_setup.zsh'
[9.098s] INFO:colcon.colcon_core.shell:Creating prefix chain script '/home/divspan/tutorial_ros_cpp/install/setup.zsh'
